----optimized-list-------------------------
#1 (2 4) 7TaskSurfaceCreateE source (-4,000000, 2,250000)-(4,000000, -2,250000) target (0, 0)-(480, 270) surface SurfaceSWE (480x270) id 19
#2 1 (4) 1TaskSurfaceResampleSWE bounds (-inf, -inf)-(inf, inf) source (-4,000000, 2,250000)-(4,000000, -2,250000) target (0, 0)-(480, 270) surface SurfaceSWE (480x270) id 19
  1TaskSurfaceE bounds (-inf, -inf)-(inf, inf) source (-37,041668, 14,066667)-(37,041668, -14,066667) target (0, 0)-(4445, 1688) surface SurfaceSWE (4445x1688) id 1
#3 (4 7 18 19) 7TaskSurfaceCreateE source (-4,000000, 2,250000)-(4,000000, -2,250000) target (0, 0)-(480, 270) surface SurfaceSWE (480x270) id 11
#4 3 (7 18 19) 1TaskBlendSWE bounds (-inf, -inf)-(inf, inf) source (-4,000000, 2,250000)-(4,000000, -2,250000) target (0, 0)-(480, 270) surface SurfaceSWE (480x270) id 11
  1TaskSurfaceE
  1TaskSurfaceE bounds (-inf, -inf)-(inf, inf) source (-4,000000, 2,250000)-(4,000000, -2,250000) target (0, 0)-(480, 270) surface SurfaceSWE (480x270) id 19
#5 (6 7) 7TaskSurfaceCreateE source (-4,000000, 2,250000)-(4,000000, -2,250000) target (0, 0)-(480, 270) surface SurfaceSWE (480x270) id 21
#6 1 (7) 1TaskSurfaceResampleSWE bounds (-inf, -inf)-(inf, inf) source (-4,000000, 2,250000)-(4,000000, -2,250000) target (0, 0)-(480, 270) surface SurfaceSWE (480x270) id 21
  1TaskSurfaceE bounds (-inf, -inf)-(inf, inf) source (-37,041668, 14,066667)-(37,041668, -14,066667) target (0, 0)-(4445, 1688) surface SurfaceSWE (4445x1688) id 3
#7 4 (18 19) 1TaskBlendSWE bounds (-inf, -inf)-(inf, inf) source (-4,000000, 2,250000)-(4,000000, -2,250000) target (0, 0)-(480, 270) surface SurfaceSWE (480x270) id 11
  1TaskSurfaceE bounds (-inf, -inf)-(inf, inf) source (-4,000000, 2,250000)-(4,000000, -2,250000) target (0, 0)-(480, 270) surface SurfaceSWE (480x270) id 11
  1TaskSurfaceE bounds (-inf, -inf)-(inf, inf) source (-4,000000, 2,250000)-(4,000000, -2,250000) target (0, 0)-(480, 270) surface SurfaceSWE (480x270) id 21
#8 (9 12 14) 7TaskSurfaceCreateE source (-4,000000, 2,250000)-(4,000000, -2,250000) target (0, 0)-(480, 270) surface SurfaceSWE (480x270) id 27
#9 1 (12 14) 3TaskContourSWE bounds (-12,200067, -12,577286)-(5,481805, -1,320115) source (-4,000000, -1,316667)-(4,000000, -2,250000) target (0, 214)-(480, 270) surface SurfaceSWE (480x270) id 27
#10 (11 12) 7TaskSurfaceCreateE source (-4,000000, 2,250000)-(4,000000, -2,250000) target (0, 0)-(480, 270) surface SurfaceSWE (480x270) id 29
#11 1 (12) 1TaskSurfaceResampleSWE bounds (-inf, -inf)-(inf, inf) source (-4,000000, 2,250000)-(4,000000, -2,250000) target (0, 0)-(480, 270) surface SurfaceSWE (480x270) id 29
  1TaskSurfaceE bounds (-inf, -inf)-(inf, inf) source (-37,041668, 14,066667)-(37,041668, -14,066667) target (0, 0)-(4445, 1688) surface SurfaceSWE (4445x1688) id 5
#12 4 (14) 1TaskBlendSWE bounds (-inf, -inf)-(inf, inf) source (-4,000000, 2,250000)-(4,000000, -2,250000) target (0, 0)-(480, 270) surface SurfaceSWE (480x270) id 27
  1TaskSurfaceE bounds (-12,200067, -12,577286)-(5,481805, -1,320115) source (-4,000000, -1,316667)-(4,000000, -2,250000) target (0, 214)-(480, 270) surface SurfaceSWE (480x270) id 27
  1TaskSurfaceE bounds (-inf, -inf)-(inf, inf) source (-4,000000, 2,250000)-(4,000000, -2,250000) target (0, 0)-(480, 270) surface SurfaceSWE (480x270) id 29
#13 (14 17 18) 7TaskSurfaceCreateE source (-4,000000, 2,250000)-(4,000000, -2,250000) target (0, 0)-(480, 270) surface SurfaceSWE (480x270) id 13
#14 4 (17 18) 1TaskBlendSWE bounds (-inf, -inf)-(inf, inf) source (-4,000000, 2,250000)-(4,000000, -2,250000) target (0, 0)-(480, 270) surface SurfaceSWE (480x270) id 13
  1TaskSurfaceE
  1TaskSurfaceE bounds (-inf, -inf)-(inf, inf) source (-4,000000, 2,250000)-(4,000000, -2,250000) target (0, 0)-(480, 270) surface SurfaceSWE (480x270) id 27
#15 (16 17) 7TaskSurfaceCreateE source (-4,000000, 2,250000)-(4,000000, -2,250000) target (0, 0)-(480, 270) surface SurfaceSWE (480x270) id 33
#16 1 (17) 1TaskSurfaceResampleSWE bounds (-inf, -inf)-(inf, inf) source (-4,000000, 2,250000)-(4,000000, -2,250000) target (0, 0)-(480, 270) surface SurfaceSWE (480x270) id 33
  1TaskSurfaceE bounds (-inf, -inf)-(inf, inf) source (-11,708333, 14,066667)-(11,708333, -14,066667) target (0, 0)-(1405, 1688) surface SurfaceSWE (1405x1688) id 7
#17 4 (18) 1TaskBlendSWE bounds (-inf, -inf)-(inf, inf) source (-4,000000, 2,250000)-(4,000000, -2,250000) target (0, 0)-(480, 270) surface SurfaceSWE (480x270) id 13
  1TaskSurfaceE bounds (-inf, -inf)-(inf, inf) source (-4,000000, 2,250000)-(4,000000, -2,250000) target (0, 0)-(480, 270) surface SurfaceSWE (480x270) id 13
  1TaskSurfaceE bounds (-inf, -inf)-(inf, inf) source (-4,000000, 2,250000)-(4,000000, -2,250000) target (0, 0)-(480, 270) surface SurfaceSWE (480x270) id 33
#18 6 (19) 1TaskBlendSWE bounds (-inf, -inf)-(inf, inf) source (-4,000000, 2,250000)-(4,000000, -2,250000) target (0, 0)-(480, 270) surface SurfaceSWE (480x270) id 11
  1TaskSurfaceE bounds (-inf, -inf)-(inf, inf) source (-4,000000, 2,250000)-(4,000000, -2,250000) target (0, 0)-(480, 270) surface SurfaceSWE (480x270) id 11
  1TaskSurfaceE bounds (-inf, -inf)-(inf, inf) source (-4,000000, 2,250000)-(4,000000, -2,250000) target (0, 0)-(480, 270) surface SurfaceSWE (480x270) id 13
#19 4 1TaskBlendSWE bounds (-inf, -inf)-(inf, inf) source (-4,000000, 2,250000)-(4,000000, -2,250000) target (0, 0)-(480, 270) surface SurfaceSWE (480x270) id 9
  6TaskSurfaceEmptyE
  1TaskSurfaceE bounds (-inf, -inf)-(inf, inf) source (-4,000000, 2,250000)-(4,000000, -2,250000) target (0, 0)-(480, 270) surface SurfaceSWE (480x270) id 11
-------------------------------------------
