----optimized-list-------------------------
#1 (2 3 5) 7TaskSurfaceCreateE target (0, 0)-(79, 59) surface SurfaceSWE (79x59) id 45
#2 1 (3 5) 3TaskContourSWE bounds (-1,620361, -2,464116)-(-0,854708, -1,977344) source (-1,622595, -1,964861)-(-0,849327, -2,471921) target (0, 0)-(61, 40) surface SurfaceSWE (79x59) id 45
#3 2 (5) 3TaskContourSWE bounds (-1,243222, -2,711118)-(-0,625024, -2,177839) source (-1,254975, -2,167685)-(-0,621149, -2,712775) target (29, 16)-(79, 59) surface SurfaceSWE (79x59) id 45
#4 (5 11 15 19 23 27 31 35 39 43 47 51 55 59 63 67 71 75 81 85 91 92 93) 7TaskSurfaceCreateE target (0, 0)-(512, 512) surface SurfaceSWE (512x512) id 1
#5 4 1TaskBlendSWE bounds (-1,620361, -2,711118)-(-0,625024, -1,977344) source (-1,622595, -1,964861)-(-0,621149, -2,712775) target (128, 411)-(207, 470) surface SurfaceSWE (512x512) id 1
  6TaskSurfaceEmptyE surface SurfaceSWE (512x512) id 1
  1TaskSurfaceE target (0, 0)-(79, 59) surface SurfaceSWE (79x59) id 45
#6 (7 10 11) 7TaskSurfaceCreateE target (0, 0)-(79, 59) surface SurfaceSWE (79x59) id 43
#7 1 (10 11) 3TaskContourSWE bounds (-2,902613, -2,466162)-(-2,136960, -1,979390) source (-2,902923, -1,977537)-(-2,129655, -2,471921) target (0, 0)-(61, 39) surface SurfaceSWE (79x59) id 43
#8 (9 10) 7TaskSurfaceCreateE target (0, 0)-(50, 44) surface SurfaceSWE (50x44) id 51
#9 1 (10) 3TaskContourSWE bounds (-2,525473, -2,713163)-(-1,907276, -2,179884) source (-2,535304, -2,167685)-(-1,901478, -2,725452) target (0, 0)-(50, 44) surface SurfaceSWE (50x44) id 51
#10 4 (11) 1TaskBlendSWE bounds (-2,902613, -2,713163)-(-1,907276, -1,979390) source (-2,902923, -1,977537)-(-1,901478, -2,725452) target (0, 0)-(79, 59) surface SurfaceSWE (79x59) id 43
  1TaskSurfaceE bounds (-2,902613, -2,466162)-(-2,136960, -1,979390) source (-2,902923, -1,977537)-(-2,129655, -2,471921) target (0, 0)-(61, 39) surface SurfaceSWE (79x59) id 43
  1TaskSurfaceE target (0, 0)-(50, 44) surface SurfaceSWE (50x44) id 51
#11 4 1TaskBlendSWE bounds (-2,902613, -2,713163)-(-0,625024, -1,977344) source (-2,902923, -1,964861)-(-0,621149, -2,725452) target (27, 412)-(106, 471) surface SurfaceSWE (512x512) id 1
  1TaskSurfaceE bounds (-1,620361, -2,711118)-(-0,625024, -1,977344) source (-1,622595, -1,964861)-(-0,621149, -2,712775) surface SurfaceSWE (512x512) id 1
  1TaskSurfaceE target (0, 0)-(79, 59) surface SurfaceSWE (79x59) id 43
#12 (13 14 15) 7TaskSurfaceCreateE target (0, 0)-(80, 59) surface SurfaceSWE (80x59) id 41
#13 1 (14 15) 3TaskContourSWE bounds (2,074072, -1,341106)-(2,839724, -0,854334) source (2,066273, -0,849327)-(2,852217, -1,343711) target (0, 0)-(62, 39) surface SurfaceSWE (80x59) id 41
#14 2 (15) 3TaskContourSWE bounds (2,451211, -1,588107)-(3,069408, -1,054828) source (2,446568, -1,052151)-(3,080394, -1,597241) target (30, 16)-(80, 59) surface SurfaceSWE (80x59) id 41
#15 4 1TaskBlendSWE bounds (-2,902613, -2,713163)-(3,069408, -0,854334) source (-2,902923, -0,849327)-(3,080394, -2,725452) target (419, 323)-(499, 382) surface SurfaceSWE (512x512) id 1
  1TaskSurfaceE bounds (-2,902613, -2,713163)-(-0,625024, -1,977344) source (-2,902923, -1,964861)-(-0,621149, -2,725452) surface SurfaceSWE (512x512) id 1
  1TaskSurfaceE target (0, 0)-(80, 59) surface SurfaceSWE (80x59) id 41
#16 (17 18 19) 7TaskSurfaceCreateE target (0, 0)-(61, 39) surface SurfaceSWE (61x39) id 39
#17 1 (18 19) 3TaskContourSWE bounds (0,827246, -1,349982)-(1,592898, -0,863210) source (0,823974, -0,862003)-(1,597241, -1,356388) target (0, 0)-(61, 39) surface SurfaceSWE (61x39) id 39
#18 2 (19) 3TaskContourSWE bounds (1,204385, -1,596983)-(1,822583, -1,063705) source (1,204269, -1,052151)-(1,597241, -1,356388) target (30, 15)-(61, 39) surface SurfaceSWE (61x39) id 39
#19 4 1TaskBlendSWE bounds (-2,902613, -2,713163)-(3,069408, -0,854334) source (-2,902923, -0,849327)-(3,080394, -2,725452) target (321, 324)-(382, 363) surface SurfaceSWE (512x512) id 1
  1TaskSurfaceE bounds (-2,902613, -2,713163)-(3,069408, -0,854334) source (-2,902923, -0,849327)-(3,080394, -2,725452) target (321, 324)-(382, 363) surface SurfaceSWE (512x512) id 1
  1TaskSurfaceE target (0, 0)-(61, 39) surface SurfaceSWE (61x39) id 39
#20 (21 22 23) 7TaskSurfaceCreateE target (0, 0)-(62, 39) surface SurfaceSWE (62x39) id 37
#21 1 (22 23) 3TaskContourSWE bounds (-0,397545, -1,364562)-(0,368107, -0,877790) source (-0,405649, -0,874680)-(0,380296, -1,369064) target (0, 0)-(62, 39) surface SurfaceSWE (62x39) id 37
#22 2 (23) 3TaskContourSWE bounds (-0,020406, -1,611563)-(0,597791, -1,078284) source (-0,025353, -1,077504)-(0,380296, -1,369064) target (30, 16)-(62, 39) surface SurfaceSWE (62x39) id 37
#23 4 1TaskBlendSWE bounds (-2,902613, -2,713163)-(3,069408, -0,854334) source (-2,902923, -0,849327)-(3,080394, -2,725452) target (224, 325)-(286, 364) surface SurfaceSWE (512x512) id 1
  1TaskSurfaceE bounds (-2,902613, -2,713163)-(3,069408, -0,854334) source (-2,902923, -0,849327)-(3,080394, -2,725452) target (224, 325)-(286, 364) surface SurfaceSWE (512x512) id 1
  1TaskSurfaceE target (0, 0)-(62, 39) surface SurfaceSWE (62x39) id 37
#24 (25 26 27) 7TaskSurfaceCreateE target (0, 0)-(61, 39) surface SurfaceSWE (61x39) id 35
#25 1 (26 27) 3TaskContourSWE bounds (-1,633487, -1,399875)-(-0,867834, -0,913103) source (-1,635271, -0,912709)-(-0,862003, -1,407094) target (0, 0)-(61, 39) surface SurfaceSWE (61x39) id 35
#26 2 (27) 3TaskContourSWE bounds (-1,256348, -1,646877)-(-0,638150, -1,113598) source (-1,267652, -1,102857)-(-0,862003, -1,407094) target (29, 15)-(61, 39) surface SurfaceSWE (61x39) id 35
#27 4 1TaskBlendSWE bounds (-2,902613, -2,713163)-(3,069408, -0,854334) source (-2,902923, -0,849327)-(3,080394, -2,725452) target (127, 328)-(188, 367) surface SurfaceSWE (512x512) id 1
  1TaskSurfaceE bounds (-2,902613, -2,713163)-(3,069408, -0,854334) source (-2,902923, -0,849327)-(3,080394, -2,725452) target (127, 328)-(188, 367) surface SurfaceSWE (512x512) id 1
  1TaskSurfaceE target (0, 0)-(61, 39) surface SurfaceSWE (61x39) id 35
#28 (29 30 31) 7TaskSurfaceCreateE target (0, 0)-(62, 39) surface SurfaceSWE (62x39) id 33
#29 1 (30 31) 3TaskContourSWE bounds (-2,915739, -1,401921)-(-2,150086, -0,915149) source (-2,928276, -0,912709)-(-2,142332, -1,407094) target (0, 0)-(62, 39) surface SurfaceSWE (62x39) id 33
#30 2 (31) 3TaskContourSWE bounds (-2,538599, -1,648922)-(-1,920402, -1,115643) source (-2,547980, -1,115534)-(-2,142332, -1,407094) target (30, 16)-(62, 39) surface SurfaceSWE (62x39) id 33
#31 4 1TaskBlendSWE bounds (-2,915739, -2,713163)-(3,069408, -0,854334) source (-2,928276, -0,849327)-(3,080394, -2,725452) target (25, 328)-(87, 367) surface SurfaceSWE (512x512) id 1
  1TaskSurfaceE bounds (-2,902613, -2,713163)-(3,069408, -0,854334) source (-2,902923, -0,849327)-(3,080394, -2,725452) target (27, 328)-(87, 367) surface SurfaceSWE (512x512) id 1
  1TaskSurfaceE target (0, 0)-(62, 39) surface SurfaceSWE (62x39) id 33
#32 (33 34 35) 7TaskSurfaceCreateE target (0, 0)-(62, 40) surface SurfaceSWE (62x40) id 31
#33 1 (34 35) 3TaskContourSWE bounds (2,025148, -0,027370)-(2,790801, 0,459402) source (2,015567, 0,469031)-(2,801511, -0,038030) target (0, 0)-(62, 40) surface SurfaceSWE (62x40) id 31
#34 2 (35) 3TaskContourSWE bounds (2,402288, -0,274371)-(3,020485, 0,258908) source (2,395862, 0,266207)-(2,801511, -0,038030) target (30, 16)-(62, 40) surface SurfaceSWE (62x40) id 31
#35 4 1TaskBlendSWE bounds (-2,915739, -2,713163)-(3,069408, 0,459402) source (-2,928276, 0,469031)-(3,080394, -2,725452) target (415, 219)-(477, 259) surface SurfaceSWE (512x512) id 1
  1TaskSurfaceE bounds (-2,915739, -2,713163)-(3,069408, -0,854334) source (-2,928276, -0,849327)-(3,080394, -2,725452) surface SurfaceSWE (512x512) id 1
  1TaskSurfaceE target (0, 0)-(62, 40) surface SurfaceSWE (62x40) id 31
#36 (37 38 39) 7TaskSurfaceCreateE target (0, 0)-(61, 39) surface SurfaceSWE (61x39) id 29
#37 1 (38 39) 3TaskContourSWE bounds (0,778323, -0,036246)-(1,543975, 0,450526) source (0,773268, 0,456355)-(1,546535, -0,038030) target (0, 0)-(61, 39) surface SurfaceSWE (61x39) id 29
#38 2 (39) 3TaskContourSWE bounds (1,155462, -0,283247)-(1,773659, 0,250032) source (1,153563, 0,253530)-(1,546535, -0,038030) target (30, 16)-(61, 39) surface SurfaceSWE (61x39) id 29
#39 4 1TaskBlendSWE bounds (-2,915739, -2,713163)-(3,069408, 0,459402) source (-2,928276, 0,469031)-(3,080394, -2,725452) target (317, 220)-(378, 259) surface SurfaceSWE (512x512) id 1
  1TaskSurfaceE bounds (-2,915739, -2,713163)-(3,069408, 0,459402) source (-2,928276, 0,469031)-(3,080394, -2,725452) target (317, 220)-(378, 259) surface SurfaceSWE (512x512) id 1
  1TaskSurfaceE target (0, 0)-(61, 39) surface SurfaceSWE (61x39) id 29
#40 (41 42 43) 7TaskSurfaceCreateE target (0, 0)-(62, 40) surface SurfaceSWE (62x40) id 27
#41 1 (42 43) 3TaskContourSWE bounds (-0,446469, -0,050826)-(0,319184, 0,435946) source (-0,456355, 0,443678)-(0,329590, -0,063383) target (0, 0)-(62, 40) surface SurfaceSWE (62x40) id 27
#42 2 (43) 3TaskContourSWE bounds (-0,069329, -0,297827)-(0,548868, 0,235452) source (-0,076059, 0,240854)-(0,329590, -0,063383) target (30, 16)-(62, 40) surface SurfaceSWE (62x40) id 27
#43 4 1TaskBlendSWE bounds (-2,915739, -2,713163)-(3,069408, 0,459402) source (-2,928276, 0,469031)-(3,080394, -2,725452) target (220, 221)-(282, 261) surface SurfaceSWE (512x512) id 1
  1TaskSurfaceE bounds (-2,915739, -2,713163)-(3,069408, 0,459402) source (-2,928276, 0,469031)-(3,080394, -2,725452) target (220, 221)-(282, 261) surface SurfaceSWE (512x512) id 1
  1TaskSurfaceE target (0, 0)-(62, 40) surface SurfaceSWE (62x40) id 27
#44 (45 46 47) 7TaskSurfaceCreateE target (0, 0)-(61, 39) surface SurfaceSWE (61x39) id 25
#45 1 (46 47) 3TaskContourSWE bounds (-1,682410, -0,086139)-(-0,916758, 0,400633) source (-1,685977, 0,405649)-(-0,912709, -0,088736) target (0, 0)-(61, 39) surface SurfaceSWE (61x39) id 25
#46 2 (47) 3TaskContourSWE bounds (-1,305271, -0,333140)-(-0,687073, 0,200138) source (-1,305682, 0,202824)-(-0,912709, -0,088736) target (30, 16)-(61, 39) surface SurfaceSWE (61x39) id 25
#47 4 1TaskBlendSWE bounds (-2,915739, -2,713163)-(3,069408, 0,459402) source (-2,928276, 0,469031)-(3,080394, -2,725452) target (123, 224)-(184, 263) surface SurfaceSWE (512x512) id 1
  1TaskSurfaceE bounds (-2,915739, -2,713163)-(3,069408, 0,459402) source (-2,928276, 0,469031)-(3,080394, -2,725452) target (123, 224)-(184, 263) surface SurfaceSWE (512x512) id 1
  1TaskSurfaceE target (0, 0)-(61, 39) surface SurfaceSWE (61x39) id 25
#48 (49 50 51) 7TaskSurfaceCreateE target (0, 0)-(61, 39) surface SurfaceSWE (61x39) id 23
#49 1 (50 51) 3TaskContourSWE bounds (-2,964662, -0,088185)-(-2,199010, 0,398587) source (-2,966306, 0,405649)-(-2,193038, -0,088736) target (0, 0)-(61, 39) surface SurfaceSWE (61x39) id 23
#50 2 (51) 3TaskContourSWE bounds (-2,587523, -0,335186)-(-1,969325, 0,198093) source (-2,598687, 0,202824)-(-2,193038, -0,088736) target (29, 16)-(61, 39) surface SurfaceSWE (61x39) id 23
#51 4 1TaskBlendSWE bounds (-2,964662, -2,713163)-(3,069408, 0,459402) source (-2,966306, 0,469031)-(3,080394, -2,725452) target (22, 224)-(83, 263) surface SurfaceSWE (512x512) id 1
  1TaskSurfaceE bounds (-2,915739, -2,713163)-(3,069408, 0,459402) source (-2,928276, 0,469031)-(3,080394, -2,725452) target (25, 224)-(83, 263) surface SurfaceSWE (512x512) id 1
  1TaskSurfaceE target (0, 0)-(61, 39) surface SurfaceSWE (61x39) id 23
#52 (53 54 55) 7TaskSurfaceCreateE target (0, 0)-(61, 40) surface SurfaceSWE (61x40) id 21
#53 1 (54 55) 3TaskContourSWE bounds (2,043123, 1,328091)-(2,808775, 1,814863) source (2,040920, 1,825419)-(2,814187, 1,318358) target (0, 0)-(61, 40) surface SurfaceSWE (61x40) id 21
#54 2 (55) 3TaskContourSWE bounds (2,420262, 1,081089)-(3,038459, 1,614368) source (2,408539, 1,622594)-(2,814187, 1,318358) target (29, 16)-(61, 40) surface SurfaceSWE (61x40) id 21
#55 4 1TaskBlendSWE bounds (-2,964662, -2,713163)-(3,069408, 1,814863) source (-2,966306, 1,825419)-(3,080394, -2,725452) target (417, 112)-(478, 152) surface SurfaceSWE (512x512) id 1
  1TaskSurfaceE bounds (-2,964662, -2,713163)-(3,069408, 0,459402) source (-2,966306, 0,469031)-(3,080394, -2,725452) surface SurfaceSWE (512x512) id 1
  1TaskSurfaceE target (0, 0)-(61, 40) surface SurfaceSWE (61x40) id 21
#56 (57 58 59) 7TaskSurfaceCreateE target (0, 0)-(62, 39) surface SurfaceSWE (62x39) id 19
#57 1 (58 59) 3TaskContourSWE bounds (0,796297, 1,319214)-(1,561949, 1,805986) source (0,785944, 1,812742)-(1,571888, 1,318358) target (0, 0)-(62, 39) surface SurfaceSWE (62x39) id 19
#58 2 (59) 3TaskContourSWE bounds (1,173436, 1,072213)-(1,791633, 1,605492) source (1,166240, 1,609918)-(1,571888, 1,318358) target (30, 16)-(62, 39) surface SurfaceSWE (62x39) id 19
#59 4 1TaskBlendSWE bounds (-2,964662, -2,713163)-(3,069408, 1,814863) source (-2,966306, 1,825419)-(3,080394, -2,725452) target (318, 113)-(380, 152) surface SurfaceSWE (512x512) id 1
  1TaskSurfaceE bounds (-2,964662, -2,713163)-(3,069408, 1,814863) source (-2,966306, 1,825419)-(3,080394, -2,725452) target (318, 113)-(380, 152) surface SurfaceSWE (512x512) id 1
  1TaskSurfaceE target (0, 0)-(62, 39) surface SurfaceSWE (62x39) id 19
#60 (61 62 63) 7TaskSurfaceCreateE target (0, 0)-(61, 40) surface SurfaceSWE (61x40) id 17
#61 1 (62 63) 3TaskContourSWE bounds (-0,428495, 1,304634)-(0,337158, 1,791406) source (-0,431002, 1,800066)-(0,342266, 1,293005) target (0, 0)-(61, 40) surface SurfaceSWE (61x40) id 17
#62 2 (63) 3TaskContourSWE bounds (-0,051355, 1,057633)-(0,566842, 1,590912) source (-0,063383, 1,597241)-(0,342266, 1,293005) target (29, 16)-(61, 40) surface SurfaceSWE (61x40) id 17
#63 4 1TaskBlendSWE bounds (-2,964662, -2,713163)-(3,069408, 1,814863) source (-2,966306, 1,825419)-(3,080394, -2,725452) target (222, 114)-(283, 154) surface SurfaceSWE (512x512) id 1
  1TaskSurfaceE bounds (-2,964662, -2,713163)-(3,069408, 1,814863) source (-2,966306, 1,825419)-(3,080394, -2,725452) target (222, 114)-(283, 154) surface SurfaceSWE (512x512) id 1
  1TaskSurfaceE target (0, 0)-(61, 40) surface SurfaceSWE (61x40) id 17
#64 (65 66 67) 7TaskSurfaceCreateE target (0, 0)-(62, 39) surface SurfaceSWE (62x39) id 15
#65 1 (66 67) 3TaskContourSWE bounds (-1,664436, 1,269321)-(-0,898784, 1,756093) source (-1,673301, 1,762036)-(-0,887356, 1,267652) target (0, 0)-(62, 39) surface SurfaceSWE (62x39) id 15
#66 2 (67) 3TaskContourSWE bounds (-1,287297, 1,022320)-(-0,669099, 1,555598) source (-1,293005, 1,559212)-(-0,887356, 1,267652) target (30, 16)-(62, 39) surface SurfaceSWE (62x39) id 15
#67 4 1TaskBlendSWE bounds (-2,964662, -2,713163)-(3,069408, 1,814863) source (-2,966306, 1,825419)-(3,080394, -2,725452) target (124, 117)-(186, 156) surface SurfaceSWE (512x512) id 1
  1TaskSurfaceE bounds (-2,964662, -2,713163)-(3,069408, 1,814863) source (-2,966306, 1,825419)-(3,080394, -2,725452) target (124, 117)-(186, 156) surface SurfaceSWE (512x512) id 1
  1TaskSurfaceE target (0, 0)-(62, 39) surface SurfaceSWE (62x39) id 15
#68 (69 70 71) 7TaskSurfaceCreateE target (0, 0)-(61, 40) surface SurfaceSWE (61x40) id 13
#69 1 (70 71) 3TaskContourSWE bounds (-2,946688, 1,267275)-(-2,181036, 1,754048) source (-2,953629, 1,762036)-(-2,180361, 1,254975) target (0, 0)-(61, 40) surface SurfaceSWE (61x40) id 13
#70 2 (71) 3TaskContourSWE bounds (-2,569549, 1,020274)-(-1,951351, 1,553553) source (-2,573333, 1,559212)-(-2,180361, 1,254975) target (30, 16)-(61, 40) surface SurfaceSWE (61x40) id 13
#71 4 1TaskBlendSWE bounds (-2,964662, -2,713163)-(3,069408, 1,814863) source (-2,966306, 1,825419)-(3,080394, -2,725452) target (23, 117)-(84, 157) surface SurfaceSWE (512x512) id 1
  1TaskSurfaceE bounds (-2,964662, -2,713163)-(3,069408, 1,814863) source (-2,966306, 1,825419)-(3,080394, -2,725452) target (23, 117)-(84, 157) surface SurfaceSWE (512x512) id 1
  1TaskSurfaceE target (0, 0)-(61, 40) surface SurfaceSWE (61x40) id 13
#72 (73 74 75) 7TaskSurfaceCreateE target (0, 0)-(79, 59) surface SurfaceSWE (79x59) id 11
#73 1 (74 75) 3TaskContourSWE bounds (1,943008, 2,678047)-(2,708660, 3,164819) source (1,939507, 3,169130)-(2,712775, 2,674746) target (0, 0)-(61, 39) surface SurfaceSWE (79x59) id 11
#74 2 (75) 3TaskContourSWE bounds (2,320147, 2,431046)-(2,938345, 2,964324) source (2,319803, 2,966306)-(2,940953, 2,421215) target (30, 16)-(79, 59) surface SurfaceSWE (79x59) id 11
#75 4 1TaskBlendSWE bounds (-2,964662, -2,713163)-(3,069408, 3,164819) source (-2,966306, 3,169130)-(3,080394, -2,725452) target (409, 6)-(488, 65) surface SurfaceSWE (512x512) id 1
  1TaskSurfaceE bounds (-2,964662, -2,713163)-(3,069408, 1,814863) source (-2,966306, 1,825419)-(3,080394, -2,725452) surface SurfaceSWE (512x512) id 1
  1TaskSurfaceE target (0, 0)-(79, 59) surface SurfaceSWE (79x59) id 11
#76 (77 80 81) 7TaskSurfaceCreateE target (0, 0)-(62, 39) surface SurfaceSWE (62x39) id 9
#77 1 (80 81) 3TaskContourSWE bounds (0,696182, 2,669170)-(1,461835, 3,155943) source (0,684532, 3,156453)-(1,470476, 2,662069) target (0, 0)-(62, 39) surface SurfaceSWE (62x39) id 9
#78 (79 80) 7TaskSurfaceCreateE target (0, 0)-(32, 24) surface SurfaceSWE (32x24) id 119
#79 1 (80) 3TaskContourSWE bounds (1,073321, 2,422169)-(1,691519, 2,955448) source (1,064828, 2,966306)-(1,470476, 2,662069) target (0, 0)-(32, 24) surface SurfaceSWE (32x24) id 119
#80 4 (81) 1TaskBlendSWE bounds (0,696182, 2,669170)-(1,461835, 3,155943) source (0,684532, 3,156453)-(1,470476, 2,662069) target (0, 0)-(62, 39) surface SurfaceSWE (62x39) id 9
  1TaskSurfaceE bounds (0,696182, 2,669170)-(1,461835, 3,155943) source (0,684532, 3,156453)-(1,470476, 2,662069) target (0, 0)-(62, 39) surface SurfaceSWE (62x39) id 9
  1TaskSurfaceE target (0, 0)-(32, 24) surface SurfaceSWE (32x24) id 119
#81 4 1TaskBlendSWE bounds (-2,964662, -2,713163)-(3,069408, 3,164819) source (-2,966306, 3,169130)-(3,080394, -2,725452) target (310, 7)-(372, 46) surface SurfaceSWE (512x512) id 1
  1TaskSurfaceE bounds (-2,964662, -2,713163)-(3,069408, 3,164819) source (-2,966306, 3,169130)-(3,080394, -2,725452) target (310, 7)-(372, 46) surface SurfaceSWE (512x512) id 1
  1TaskSurfaceE target (0, 0)-(62, 39) surface SurfaceSWE (62x39) id 9
#82 (83 84 85) 7TaskSurfaceCreateE target (0, 0)-(61, 39) surface SurfaceSWE (61x39) id 7
#83 1 (84 85) 3TaskContourSWE bounds (-0,528609, 2,654591)-(0,237043, 3,141363) source (-0,532414, 3,143777)-(0,240854, 2,649393) target (0, 0)-(61, 39) surface SurfaceSWE (61x39) id 7
#84 2 (85) 3TaskContourSWE bounds (-0,151470, 2,407590)-(0,466728, 2,940868) source (-0,152118, 2,940953)-(0,240854, 2,649393) target (30, 16)-(61, 39) surface SurfaceSWE (61x39) id 7
#85 4 1TaskBlendSWE bounds (-2,964662, -2,713163)-(3,069408, 3,164819) source (-2,966306, 3,169130)-(3,080394, -2,725452) target (214, 8)-(275, 47) surface SurfaceSWE (512x512) id 1
  1TaskSurfaceE bounds (-2,964662, -2,713163)-(3,069408, 3,164819) source (-2,966306, 3,169130)-(3,080394, -2,725452) target (214, 8)-(275, 47) surface SurfaceSWE (512x512) id 1
  1TaskSurfaceE target (0, 0)-(61, 39) surface SurfaceSWE (61x39) id 7
#86 (87 90 91) 7TaskSurfaceCreateE target (0, 0)-(80, 59) surface SurfaceSWE (80x59) id 5
#87 1 (90 91) 3TaskContourSWE bounds (-1,764551, 2,619277)-(-0,998898, 3,106049) source (-1,774713, 3,118424)-(-0,988769, 2,611363) target (0, 0)-(62, 40) surface SurfaceSWE (80x59) id 5
#88 (89 90) 7TaskSurfaceCreateE target (0, 0)-(50, 43) surface SurfaceSWE (50x43) id 127
#89 1 (90) 3TaskContourSWE bounds (-1,387411, 2,372276)-(-0,769214, 2,905555) source (-1,394417, 2,915599)-(-0,760591, 2,370509) target (0, 0)-(50, 43) surface SurfaceSWE (50x43) id 127
#90 4 (91) 1TaskBlendSWE bounds (-1,764551, 2,372276)-(-0,769214, 3,106049) source (-1,774713, 3,118424)-(-0,760591, 2,370509) target (0, 0)-(80, 59) surface SurfaceSWE (80x59) id 5
  1TaskSurfaceE bounds (-1,764551, 2,619277)-(-0,998898, 3,106049) source (-1,774713, 3,118424)-(-0,988769, 2,611363) target (0, 0)-(62, 40) surface SurfaceSWE (80x59) id 5
  1TaskSurfaceE target (0, 0)-(50, 43) surface SurfaceSWE (50x43) id 127
#91 4 1TaskBlendSWE bounds (-2,964662, -2,713163)-(3,069408, 3,164819) source (-2,966306, 3,169130)-(3,080394, -2,725452) target (116, 10)-(196, 69) surface SurfaceSWE (512x512) id 1
  1TaskSurfaceE bounds (-2,964662, -2,713163)-(3,069408, 3,164819) source (-2,966306, 3,169130)-(3,080394, -2,725452) target (116, 10)-(196, 69) surface SurfaceSWE (512x512) id 1
  1TaskSurfaceE target (0, 0)-(80, 59) surface SurfaceSWE (80x59) id 5
#92 1 (93) 3TaskContourSWE bounds (-3,046803, 2,617232)-(-2,281150, 3,104004) source (-3,055041, 3,105747)-(-2,269097, 2,611363) target (15, 11)-(77, 50) surface SurfaceSWE (512x512) id 1
#93 2 3TaskContourSWE bounds (-2,669663, 2,370231)-(-2,051466, 2,903509) source (-2,674746, 2,915599)-(-2,040920, 2,357833) target (45, 26)-(95, 70) surface SurfaceSWE (512x512) id 1
-------------------------------------------
