----input-list-----------------------------
TaskBlendE source (-3,245189, 3,245189)-(3,245189, -3,245189) target (0, 0)-(512, 512) surface SurfaceSWE (512x512) id 1
  6TaskSurfaceEmptyE
  8TaskTransformationE
    TaskBlendE
      TaskBlendE
        TaskBlendE
          TaskBlendE
            TaskBlendE
              TaskBlendE
                TaskBlendE
                  TaskBlendE
                    TaskBlendE
                      6TaskSurfaceEmptyE
                      8TaskTransformationE
                        TaskBlendE
                          6TaskSurfaceEmptyE
                          8TaskTransformationE
                            TaskBlendE
                              TaskBlendE
                                TaskBlendE
                                  TaskBlendE
                                    TaskBlendE
                                      TaskBlendE
                                        6TaskSurfaceEmptyE
                                        1TaskContourE
                                      1TaskContourE
                                    1TaskContourE
                                  1TaskContourE
                                1TaskContourE
                              1TaskContourE
                    8TaskTransformationE
                      TaskBlendE
                        6TaskSurfaceEmptyE
                        8TaskTransformationE
                          TaskBlendE
                            TaskBlendE
                              TaskBlendE
                                TaskBlendE
                                  TaskBlendE
                                    TaskBlendE
                                      TaskBlendE
                                        TaskBlendE
                                          TaskBlendE
                                            TaskBlendE
                                              TaskBlendE
                                                TaskBlendE
                                                  TaskBlendE
                                                    TaskBlendE
                                                      TaskBlendE
                                                        TaskBlendE
                                                          TaskBlendE
                                                            TaskBlendE
                                                              TaskBlendE
                                                                TaskBlendE
                                                                  TaskBlendE
                                                                    TaskBlendE
                                                                      TaskBlendE
                                                                        TaskBlendE
                                                                          TaskBlendE
                                                                            TaskBlendE
                                                                              TaskBlendE
                                                                                TaskBlendE
                                                                                  TaskBlendE
                                                                                    TaskBlendE
                                                                                      TaskBlendE
                                                                                        TaskBlendE
                                                                                          TaskBlendE
                                                                                            TaskBlendE
                                                                                              TaskBlendE
                                                                                                TaskBlendE
                                                                                                  TaskBlendE
                                                                                                    TaskBlendE
                                                                                                      6TaskSurfaceEmptyE
                                                                                                      1TaskContourE
                                                                                                    1TaskContourE
                                                                                                  1TaskContourE
                                                                                                1TaskContourE
                                                                                              1TaskContourE
                                                                                            1TaskContourE
                                                                                          1TaskContourE
                                                                                        1TaskContourE
                                                                                      1TaskContourE
                                                                                    1TaskContourE
                                                                                  1TaskContourE
                                                                                1TaskContourE
                                                                              1TaskContourE
                                                                            1TaskContourE
                                                                          1TaskContourE
                                                                        1TaskContourE
                                                                      1TaskContourE
                                                                    1TaskContourE
                                                                  1TaskContourE
                                                                1TaskContourE
                                                              1TaskContourE
                                                            1TaskContourE
                                                          1TaskContourE
                                                        1TaskContourE
                                                      1TaskContourE
                                                    1TaskContourE
                                                  1TaskContourE
                                                1TaskContourE
                                              1TaskContourE
                                            1TaskContourE
                                          1TaskContourE
                                        1TaskContourE
                                      1TaskContourE
                                    1TaskContourE
                                  1TaskContourE
                                1TaskContourE
                              1TaskContourE
                            1TaskContourE
                  8TaskTransformationE
                    TaskBlendE
                      6TaskSurfaceEmptyE
                      8TaskTransformationE
                        TaskBlendE
                          TaskBlendE
                            TaskBlendE
                              TaskBlendE
                                6TaskSurfaceEmptyE
                                1TaskContourE
                              1TaskContourE
                            1TaskContourE
                          1TaskContourE
                8TaskTransformationE
                  TaskBlendE
                    6TaskSurfaceEmptyE
                    8TaskTransformationE
                      TaskBlendE
                        TaskBlendE
                          TaskBlendE
                            TaskBlendE
                              TaskBlendE
                                TaskBlendE
                                  TaskBlendE
                                    TaskBlendE
                                      TaskBlendE
                                        TaskBlendE
                                          TaskBlendE
                                            6TaskSurfaceEmptyE
                                            1TaskContourE
                                          1TaskContourE
                                        1TaskContourE
                                      1TaskContourE
                                    1TaskContourE
                                  1TaskContourE
                                1TaskContourE
                              1TaskContourE
                            1TaskContourE
                          1TaskContourE
                        1TaskContourE
              8TaskTransformationE
                TaskBlendE
                  6TaskSurfaceEmptyE
                  8TaskTransformationE
                    TaskBlendE
                      TaskBlendE
                        TaskBlendE
                          TaskBlendE
                            TaskBlendE
                              TaskBlendE
                                6TaskSurfaceEmptyE
                                1TaskContourE
                              1TaskContourE
                            1TaskContourE
                          1TaskContourE
                        1TaskContourE
                      1TaskContourE
            8TaskTransformationE
              TaskBlendE
                6TaskSurfaceEmptyE
                8TaskTransformationE
                  TaskBlendE
                    TaskBlendE
                      TaskBlendE
                        TaskBlendE
                          TaskBlendE
                            TaskBlendE
                              TaskBlendE
                                TaskBlendE
                                  TaskBlendE
                                    TaskBlendE
                                      TaskBlendE
                                        TaskBlendE
                                          TaskBlendE
                                            6TaskSurfaceEmptyE
                                            1TaskContourE
                                          1TaskContourE
                                        1TaskContourE
                                      1TaskContourE
                                    1TaskContourE
                                  1TaskContourE
                                1TaskContourE
                              1TaskContourE
                            1TaskContourE
                          1TaskContourE
                        1TaskContourE
                      1TaskContourE
                    1TaskContourE
          8TaskTransformationE
            TaskBlendE
              6TaskSurfaceEmptyE
              8TaskTransformationE
                TaskBlendE
                  TaskBlendE
                    TaskBlendE
                      TaskBlendE
                        TaskBlendE
                          TaskBlendE
                            TaskBlendE
                              TaskBlendE
                                TaskBlendE
                                  TaskBlendE
                                    TaskBlendE
                                      TaskBlendE
                                        TaskBlendE
                                          TaskBlendE
                                            TaskBlendE
                                              TaskBlendE
                                                6TaskSurfaceEmptyE
                                                1TaskContourE
                                              1TaskContourE
                                            1TaskContourE
                                          1TaskContourE
                                        1TaskContourE
                                      1TaskContourE
                                    1TaskContourE
                                  1TaskContourE
                                1TaskContourE
                              1TaskContourE
                            1TaskContourE
                          1TaskContourE
                        1TaskContourE
                      1TaskContourE
                    1TaskContourE
                  1TaskContourE
        8TaskTransformationE
          TaskBlendE
            6TaskSurfaceEmptyE
            8TaskTransformationE
              TaskBlendE
                TaskBlendE
                  TaskBlendE
                    TaskBlendE
                      TaskBlendE
                        TaskBlendE
                          TaskBlendE
                            TaskBlendE
                              TaskBlendE
                                TaskBlendE
                                  TaskBlendE
                                    TaskBlendE
                                      TaskBlendE
                                        TaskBlendE
                                          6TaskSurfaceEmptyE
                                          1TaskContourE
                                        1TaskContourE
                                      1TaskContourE
                                    1TaskContourE
                                  1TaskContourE
                                1TaskContourE
                              1TaskContourE
                            1TaskContourE
                          1TaskContourE
                        1TaskContourE
                      1TaskContourE
                    1TaskContourE
                  1TaskContourE
                1TaskContourE
      8TaskTransformationE
        TaskBlendE
          6TaskSurfaceEmptyE
          8TaskTransformationE
            TaskBlendE
              TaskBlendE
                TaskBlendE
                  TaskBlendE
                    TaskBlendE
                      TaskBlendE
                        TaskBlendE
                          TaskBlendE
                            TaskBlendE
                              TaskBlendE
                                TaskBlendE
                                  TaskBlendE
                                    TaskBlendE
                                      TaskBlendE
                                        TaskBlendE
                                          TaskBlendE
                                            TaskBlendE
                                              TaskBlendE
                                                TaskBlendE
                                                  TaskBlendE
                                                    TaskBlendE
                                                      TaskBlendE
                                                        TaskBlendE
                                                          TaskBlendE
                                                            TaskBlendE
                                                              TaskBlendE
                                                                TaskBlendE
                                                                  TaskBlendE
                                                                    TaskBlendE
                                                                      TaskBlendE
                                                                        TaskBlendE
                                                                          TaskBlendE
                                                                            TaskBlendE
                                                                              TaskBlendE
                                                                                TaskBlendE
                                                                                  TaskBlendE
                                                                                    TaskBlendE
                                                                                      TaskBlendE
                                                                                        TaskBlendE
                                                                                          TaskBlendE
                                                                                            TaskBlendE
                                                                                              TaskBlendE
                                                                                                TaskBlendE
                                                                                                  TaskBlendE
                                                                                                    TaskBlendE
                                                                                                      TaskBlendE
                                                                                                        TaskBlendE
                                                                                                          TaskBlendE
                                                                                                            TaskBlendE
                                                                                                              TaskBlendE
                                                                                                                TaskBlendE
                                                                                                                  TaskBlendE
                                                                                                                    TaskBlendE
                                                                                                                      TaskBlendE
                                                                                                                        TaskBlendE
                                                                                                                          TaskBlendE
                                                                                                                            TaskBlendE
                                                                                                                              TaskBlendE
                                                                                                                                TaskBlendE
                                                                                                                                  TaskBlendE
                                                                                                                                    TaskBlendE
                                                                                                                                      TaskBlendE
                                                                                                                                        TaskBlendE
                                                                                                                                          TaskBlendE
                                                                                                                                            TaskBlendE
                                                                                                                                              TaskBlendE
                                                                                                                                                TaskBlendE
                                                                                                                                                  TaskBlendE
                                                                                                                                                    TaskBlendE
                                                                                                                                                      TaskBlendE
                                                                                                                                                        6TaskSurfaceEmptyE
                                                                                                                                                        1TaskContourE
                                                                                                                                                      1TaskContourE
                                                                                                                                                    1TaskContourE
                                                                                                                                                  1TaskContourE
                                                                                                                                                1TaskContourE
                                                                                                                                              1TaskContourE
                                                                                                                                            1TaskContourE
                                                                                                                                          1TaskContourE
                                                                                                                                        1TaskContourE
                                                                                                                                      1TaskContourE
                                                                                                                                    1TaskContourE
                                                                                                                                  1TaskContourE
                                                                                                                                1TaskContourE
                                                                                                                              1TaskContourE
                                                                                                                            1TaskContourE
                                                                                                                          1TaskContourE
                                                                                                                        1TaskContourE
                                                                                                                      1TaskContourE
                                                                                                                    1TaskContourE
                                                                                                                  1TaskContourE
                                                                                                                1TaskContourE
                                                                                                              1TaskContourE
                                                                                                            1TaskContourE
                                                                                                          1TaskContourE
                                                                                                        1TaskContourE
                                                                                                      1TaskContourE
                                                                                                    1TaskContourE
                                                                                                  1TaskContourE
                                                                                                1TaskContourE
                                                                                              1TaskContourE
                                                                                            1TaskContourE
                                                                                          1TaskContourE
                                                                                        1TaskContourE
                                                                                      1TaskContourE
                                                                                    1TaskContourE
                                                                                  1TaskContourE
                                                                                1TaskContourE
                                                                              1TaskContourE
                                                                            1TaskContourE
                                                                          1TaskContourE
                                                                        1TaskContourE
                                                                      1TaskContourE
                                                                    1TaskContourE
                                                                  1TaskContourE
                                                                1TaskContourE
                                                              1TaskContourE
                                                            1TaskContourE
                                                          1TaskContourE
                                                        1TaskContourE
                                                      1TaskContourE
                                                    1TaskContourE
                                                  1TaskContourE
                                                1TaskContourE
                                              1TaskContourE
                                            1TaskContourE
                                          1TaskContourE
                                        1TaskContourE
                                      1TaskContourE
                                    1TaskContourE
                                  1TaskContourE
                                1TaskContourE
                              1TaskContourE
                            1TaskContourE
                          1TaskContourE
                        1TaskContourE
                      1TaskContourE
                    1TaskContourE
                  1TaskContourE
                1TaskContourE
              1TaskContourE
-------------------------------------------
