----optimized-list-------------------------
#1 (2 6 10 14 18) 7TaskSurfaceCreateE source (-3,245189, 3,245189)-(3,245189, -3,245189) target (0, 0)-(128, 128) surface SurfaceSWE (128x128) id 1
#2 1 (6 10 14 18) 3TaskContourSWE bounds (-2,385095, -2,458046)-(1,884699, 1,764829) source (-2,433892, 1,774713)-(1,926831, -2,484598) target (16, 29)-(102, 113) surface SurfaceSWE (128x128) id 1
#3 (4 5 6) 7TaskSurfaceCreateE source (-2,281774, 2,433892)-(-0,202824, 0,659179) target (0, 0)-(41, 35) surface SurfaceSWE (41x35) id 13
#4 1 (5 6) 3TaskContourSWE bounds (-1,900706, 0,706639)-(-0,230859, 1,991270) source (-1,926831, 2,028243)-(-0,202824, 0,659179) target (7, 8)-(41, 35) surface SurfaceSWE (41x35) id 13
#5 2 (6) 3TaskContourSWE bounds (-2,247372, 1,140732)-(-0,713230, 2,419427) source (-2,281774, 2,433892)-(-0,709885, 1,115534) target (0, 0)-(31, 26) surface SurfaceSWE (41x35) id 13
#6 5 1TaskBlendSWE bounds (-2,247372, 0,706639)-(-0,230859, 2,419427) source (-2,281774, 2,433892)-(-0,202824, 0,659179) target (19, 16)-(60, 51) surface SurfaceSWE (128x128) id 1
  1TaskSurfaceE bounds (-2,385095, -2,458046)-(1,884699, 1,764829) source (-2,281774, 1,774713)-(-0,202824, 0,659179) target (19, 29)-(60, 51) surface SurfaceSWE (128x128) id 1
  1TaskSurfaceE bounds (-2,247372, 0,706639)-(-0,230859, 2,419427) source (-2,281774, 2,433892)-(-0,202824, 0,659179) target (0, 0)-(41, 35) surface SurfaceSWE (41x35) id 13
#7 (8 9 10) 7TaskSurfaceCreateE source (0,456355, 2,332480)-(2,687422, 0,811297) target (0, 0)-(44, 30) surface SurfaceSWE (44x30) id 11
#8 1 (9 10) 3TaskContourSWE bounds (1,176302, 0,838203)-(2,657143, 2,290156) source (1,166240, 2,332480)-(2,687422, 0,811297) target (14, 0)-(44, 30) surface SurfaceSWE (44x30) id 11
#9 2 (10) 3TaskContourSWE bounds (0,491455, 0,822457)-(2,535944, 2,174646) source (0,456355, 2,180361)-(2,586010, 0,811297) target (0, 3)-(42, 30) surface SurfaceSWE (44x30) id 11
#10 5 1TaskBlendSWE bounds (-2,247372, 0,706639)-(2,657143, 2,419427) source (0,456355, 2,332480)-(2,687422, 0,811297) target (73, 18)-(117, 48) surface SurfaceSWE (128x128) id 1
  1TaskSurfaceE bounds (-2,385095, -2,458046)-(1,884699, 1,764829) source (0,456355, 1,774713)-(1,926831, 0,811297) target (73, 29)-(102, 48) surface SurfaceSWE (128x128) id 1
  1TaskSurfaceE bounds (0,491455, 0,822457)-(2,657143, 2,290156) source (0,456355, 2,332480)-(2,687422, 0,811297) target (0, 0)-(44, 30) surface SurfaceSWE (44x30) id 11
#11 (12 13 14) 7TaskSurfaceCreateE source (-2,129655, -1,369064)-(-0,050706, -3,042365) target (0, 0)-(41, 33) surface SurfaceSWE (41x33) id 9
#12 1 (13 14) 3TaskContourSWE bounds (-2,080468, -2,764474)-(-0,053592, -1,385260) source (-2,129655, -1,369064)-(-0,050706, -2,788834) target (0, 0)-(41, 28) surface SurfaceSWE (41x33) id 9
#13 2 (14) 3TaskContourSWE bounds (-2,037485, -3,001096)-(-0,578818, -1,527223) source (-2,078949, -1,521182)-(-0,557767, -3,042365) target (1, 3)-(31, 33) surface SurfaceSWE (41x33) id 9
#14 5 1TaskBlendSWE bounds (-2,247372, -3,001096)-(2,657143, 2,419427) source (-2,129655, -1,369064)-(-0,050706, -3,042365) target (22, 91)-(63, 124) surface SurfaceSWE (128x128) id 1
  1TaskSurfaceE bounds (-2,385095, -2,458046)-(1,884699, 1,764829) source (-2,129655, -1,369064)-(-0,050706, -2,484598) target (22, 91)-(63, 113) surface SurfaceSWE (128x128) id 1
  1TaskSurfaceE bounds (-2,080468, -3,001096)-(-0,053592, -1,385260) source (-2,129655, -1,369064)-(-0,050706, -3,042365) target (0, 0)-(41, 33) surface SurfaceSWE (41x33) id 9
#15 (16 17 18) 7TaskSurfaceCreateE source (0,811297, -1,267652)-(2,586010, -2,788834) target (0, 0)-(35, 30) surface SurfaceSWE (35x30) id 7
#16 1 (17 18) 3TaskContourSWE bounds (1,004946, -2,752542)-(2,557854, -1,489430) source (0,963415, -1,470476)-(2,586010, -2,788834) target (3, 4)-(35, 30) surface SurfaceSWE (35x30) id 7
#17 2 (18) 3TaskContourSWE bounds (0,820685, -2,566434)-(2,500618, -1,270299) source (0,811297, -1,267652)-(2,535304, -2,586010) target (0, 0)-(34, 26) surface SurfaceSWE (35x30) id 7
#18 5 1TaskBlendSWE bounds (-2,247372, -3,001096)-(2,657143, 2,419427) source (0,811297, -1,267652)-(2,586010, -2,788834) target (80, 89)-(115, 119) surface SurfaceSWE (128x128) id 1
  1TaskSurfaceE bounds (-2,385095, -2,458046)-(1,884699, 1,764829) source (0,811297, -1,267652)-(1,926831, -2,484598) target (80, 89)-(102, 113) surface SurfaceSWE (128x128) id 1
  1TaskSurfaceE bounds (0,820685, -2,752542)-(2,557854, -1,270299) source (0,811297, -1,267652)-(2,586010, -2,788834) target (0, 0)-(35, 30) surface SurfaceSWE (35x30) id 7
-------------------------------------------
