----optimized-list-------------------------
#1 (22 40 48) 3TaskContourSWE bounds (-2,387551, -1,916819)-(2,490889, 2,608696) source (-2,395862, 2,611363)-(2,497274, -1,926831) target (67, 50)-(453, 408) surface SurfaceSWE (512x512) id 1
#2 (3 4 8 10) 7TaskSurfaceCreateE source (-1,762036, -1,090181)-(1,267652, -3,245189) target (0, 0)-(239, 170) surface SurfaceSWE (239x170) id 15
#3 1 (4 8 10) 3TaskContourSWE bounds (-1,740528, -3,312929)-(1,247454, -1,108575) source (-1,749360, -1,102857)-(1,254975, -3,245189) target (1, 1)-(238, 170) surface SurfaceSWE (239x170) id 15
#4 2 (8 10) 3TaskContourSWE bounds (-1,751609, -3,324021)-(1,258520, -1,097483) source (-1,762036, -1,090181)-(1,267652, -3,245189) target (0, 0)-(239, 170) surface SurfaceSWE (239x170) id 15
#5 (6 7 8) 7TaskSurfaceCreateE source (-1,305682, -1,774713)-(1,267652, -3,245189) target (0, 0)-(203, 116) surface SurfaceSWE (203x116) id 17
#6 1 (7 8) 3TaskContourSWE bounds (-1,034957, -3,455958)-(1,558490, -1,778034) source (-1,039475, -1,774713)-(1,267652, -3,245189) target (21, 0)-(203, 116) surface SurfaceSWE (203x116) id 17
#7 2 (8) 3TaskContourSWE bounds (-1,293715, -3,339680)-(-0,660785, -2,841750) source (-1,305682, -2,839540)-(-0,659179, -3,245189) target (0, 84)-(51, 116) surface SurfaceSWE (203x116) id 17
#8 6 (10) 1TaskBlendSWE bounds (-1,751609, -3,324021)-(1,258520, -1,097483) source (-1,305682, -1,774713)-(1,267652, -3,245189) target (36, 54)-(239, 170) surface SurfaceSWE (239x170) id 15
  1TaskSurfaceE bounds (-1,751609, -3,324021)-(1,258520, -1,097483) source (-1,762036, -1,090181)-(1,267652, -3,245189) target (0, 0)-(239, 170) surface SurfaceSWE (239x170) id 15
  1TaskSurfaceE bounds (-1,293715, -3,455958)-(1,558490, -1,778034) source (-1,305682, -1,774713)-(1,267652, -3,245189) target (0, 0)-(203, 116) surface SurfaceSWE (203x116) id 17
#9 (10 15 21 22) 7TaskSurfaceCreateE source (-1,812742, -1,090181)-(1,445123, -3,245189) target (0, 0)-(257, 170) surface SurfaceSWE (257x170) id 7
#10 5 (15 21 22) 1TaskBlendSWE bounds (-1,751609, -3,324021)-(1,258520, -1,097483) source (-1,762036, -1,090181)-(1,267652, -3,245189) target (4, 0)-(243, 170) surface SurfaceSWE (257x170) id 7
  6TaskSurfaceEmptyE
  1TaskSurfaceE bounds (-1,751609, -3,324021)-(1,258520, -1,097483) source (-1,762036, -1,090181)-(1,267652, -3,245189) target (0, 0)-(239, 170) surface SurfaceSWE (239x170) id 15
#11 (12 13 14 15) 7TaskSurfaceCreateE source (-1,812742, -2,662069)-(-0,963415, -3,219836) target (0, 0)-(67, 44) surface SurfaceSWE (67x44) id 13
#12 1 (13 14 15) 3TaskContourSWE bounds (-1,793615, -3,198596)-(-0,979498, -2,678535) source (-1,800066, -2,674746)-(-0,976092, -3,207159) target (1, 1)-(66, 43) surface SurfaceSWE (67x44) id 13
#13 2 (14 15) 3TaskContourSWE bounds (-1,804719, -3,209688)-(-0,968407, -2,667456) source (-1,812742, -2,662069)-(-0,963415, -3,219836) target (0, 0)-(67, 44) surface SurfaceSWE (67x44) id 13
#14 3 (15) 3TaskContourSWE bounds (-1,834544, -3,355877)-(-0,900177, -2,724533) source (-1,812742, -2,712775)-(-0,963415, -3,219836) target (0, 4)-(67, 44) surface SurfaceSWE (67x44) id 13
#15 6 (21 22) 1TaskBlendSWE bounds (-1,804719, -3,324021)-(1,258520, -1,097483) source (-1,812742, -2,662069)-(-0,963415, -3,219836) target (0, 124)-(67, 168) surface SurfaceSWE (257x170) id 7
  1TaskSurfaceE bounds (-1,751609, -3,324021)-(1,258520, -1,097483) source (-1,762036, -1,090181)-(1,267652, -3,245189) target (4, 0)-(243, 170) surface SurfaceSWE (257x170) id 7
  1TaskSurfaceE bounds (-1,804719, -3,209688)-(-0,968407, -2,667456) source (-1,812742, -2,662069)-(-0,963415, -3,219836) target (0, 0)-(67, 44) surface SurfaceSWE (67x44) id 13
#16 (17 18 19 20 21) 7TaskSurfaceCreateE source (0,608473, -2,712775)-(1,445123, -3,245189) target (0, 0)-(66, 42) surface SurfaceSWE (66x42) id 11
#17 1 (18 19 20 21) 3TaskContourSWE bounds (0,630293, -3,296021)-(1,426554, -2,731523) source (0,621149, -2,725452)-(1,432447, -3,245189) target (1, 1)-(65, 42) surface SurfaceSWE (66x42) id 11
#18 2 (19 20 21) 3TaskContourSWE bounds (0,619205, -3,307097)-(1,437646, -2,720426) source (0,608473, -2,712775)-(1,445123, -3,245189) target (0, 0)-(66, 42) surface SurfaceSWE (66x42) id 11
#19 3 (20 21) 3TaskContourSWE bounds (0,506789, -3,433393)-(1,523648, -2,846263) source (0,608473, -2,839540)-(1,445123, -3,245189) target (0, 10)-(66, 42) surface SurfaceSWE (66x42) id 11
#20 4 (21) 3TaskContourSWE bounds (0,475541, -3,102875)-(1,217292, -2,525134) source (0,608473, -2,712775)-(1,229622, -3,105747) target (0, 0)-(49, 31) surface SurfaceSWE (66x42) id 11
#21 8 (22) 1TaskBlendSWE bounds (-1,804719, -3,324021)-(1,437646, -1,097483) source (0,608473, -2,712775)-(1,445123, -3,245189) target (191, 128)-(257, 170) surface SurfaceSWE (257x170) id 7
  1TaskSurfaceE bounds (-1,804719, -3,324021)-(1,258520, -1,097483) source (-1,812742, -1,090181)-(1,267652, -3,245189) target (0, 0)-(243, 170) surface SurfaceSWE (257x170) id 7
  1TaskSurfaceE bounds (0,619205, -3,307097)-(1,437646, -2,720426) source (0,608473, -2,712775)-(1,445123, -3,245189) target (0, 0)-(66, 42) surface SurfaceSWE (66x42) id 11
#22 5 (40 48) 1TaskBlendSWE bounds (-2,387551, -3,324021)-(2,490889, 2,608696) source (-1,812742, -1,090181)-(1,445123, -3,245189) target (113, 342)-(370, 512) surface SurfaceSWE (512x512) id 1
  1TaskSurfaceE bounds (-2,387551, -1,916819)-(2,490889, 2,608696) source (-2,395862, 2,611363)-(2,497274, -1,926831) target (67, 50)-(453, 408) surface SurfaceSWE (512x512) id 1
  1TaskSurfaceE bounds (-1,804719, -3,324021)-(1,437646, -1,097483) source (-1,812742, -1,090181)-(1,445123, -3,245189) target (0, 0)-(257, 170) surface SurfaceSWE (257x170) id 7
#23 (24 25 26 27 29) 7TaskSurfaceCreateE source (-1,546535, 0,545090)-(0,659179, -1,381741) target (0, 0)-(174, 152) surface SurfaceSWE (174x152) id 45
#24 1 (25 26 27 29) 3TaskContourSWE bounds (-1,527973, -1,367611)-(0,646271, 0,522721) source (-1,533859, 0,532414)-(0,646502, -1,369064) target (1, 1)-(173, 151) surface SurfaceSWE (174x152) id 45
#25 2 (26 27 29) 3TaskContourSWE bounds (-1,539036, -1,378666)-(0,657355, 0,533799) source (-1,546535, 0,545090)-(0,659179, -1,381741) target (0, 0)-(174, 152) surface SurfaceSWE (174x152) id 45
#26 3 (29) 3TaskContourSWE bounds (-0,540415, -1,433995)-(0,894131, 0,082562) source (-0,545090, 0,088736)-(0,659179, -1,381741) target (79, 36)-(174, 152) surface SurfaceSWE (174x152) id 45
#27 3 (29) 3TaskContourSWE bounds (-1,566534, -0,493124)-(-0,988881, 0,151086) source (-1,546535, 0,152118)-(-0,988769, -0,494384) target (0, 31)-(44, 82) surface SurfaceSWE (174x152) id 45
#28 (29 34 39 40) 7TaskSurfaceCreateE source (-1,990214, 0,545090)-(1,052151, -1,381741) target (0, 0)-(240, 152) surface SurfaceSWE (240x152) id 5
#29 6 (34 39 40) 1TaskBlendSWE bounds (-1,539036, -1,378666)-(0,657355, 0,533799) source (-1,546535, 0,545090)-(0,659179, -1,381741) target (35, 0)-(209, 152) surface SurfaceSWE (240x152) id 5
  6TaskSurfaceEmptyE
  1TaskSurfaceE bounds (-1,539036, -1,378666)-(0,657355, 0,533799) source (-1,546535, 0,545090)-(0,659179, -1,381741) target (0, 0)-(174, 152) surface SurfaceSWE (174x152) id 45
#30 (31 32 33 34) 7TaskSurfaceCreateE source (-1,990214, 0,405649)-(-1,128210, -0,291560) target (0, 0)-(68, 55) surface SurfaceSWE (68x55) id 43
#31 1 (32 33 34) 3TaskContourSWE bounds (-1,967039, -0,277388)-(-1,145672, 0,386735) source (-1,977537, 0,392972)-(-1,140887, -0,278883) target (1, 1)-(67, 54) surface SurfaceSWE (68x55) id 43
#32 2 (33 34) 3TaskContourSWE bounds (-1,978755, -0,288458)-(-1,134673, 0,397810) source (-1,990214, 0,405649)-(-1,128210, -0,291560) target (0, 0)-(68, 55) surface SurfaceSWE (68x55) id 43
#33 3 (34) 3TaskContourSWE bounds (-1,929789, -0,369214)-(-1,035697, 0,272114) source (-1,939507, 0,278883)-(-1,128210, -0,291560) target (4, 10)-(68, 55) surface SurfaceSWE (68x55) id 43
#34 6 (39 40) 1TaskBlendSWE bounds (-1,978755, -1,378666)-(0,657355, 0,533799) source (-1,990214, 0,405649)-(-1,128210, -0,291560) target (0, 11)-(68, 66) surface SurfaceSWE (240x152) id 5
  1TaskSurfaceE bounds (-1,539036, -1,378666)-(0,657355, 0,533799) source (-1,546535, 0,545090)-(0,659179, -1,381741) target (35, 0)-(209, 152) surface SurfaceSWE (240x152) id 5
  1TaskSurfaceE bounds (-1,978755, -0,288458)-(-1,134673, 0,397810) source (-1,990214, 0,405649)-(-1,128210, -0,291560) target (0, 0)-(68, 55) surface SurfaceSWE (68x55) id 43
#35 (36 37 38 39) 7TaskSurfaceCreateE source (0,278883, 0,240854)-(1,052151, -0,456355) target (0, 0)-(61, 55) surface SurfaceSWE (61x55) id 41
#36 1 (37 38 39) 3TaskContourSWE bounds (0,291266, -0,441163)-(1,031864, 0,220293) source (0,278883, 0,228177)-(1,039475, -0,443678) target (0, 1)-(60, 54) surface SurfaceSWE (61x55) id 41
#37 2 (38 39) 3TaskContourSWE bounds (0,280176, -0,452214)-(1,042976, 0,231385) source (0,278883, 0,240854)-(1,052151, -0,456355) target (0, 0)-(61, 55) surface SurfaceSWE (61x55) id 41
#38 3 (39) 3TaskContourSWE bounds (0,429423, -0,639561)-(1,210364, 0,242351) source (0,418325, 0,240854)-(1,052151, -0,456355) target (11, 0)-(61, 55) surface SurfaceSWE (61x55) id 41
#39 7 (40) 1TaskBlendSWE bounds (-1,978755, -1,378666)-(1,042976, 0,533799) source (0,278883, 0,240854)-(1,052151, -0,456355) target (179, 24)-(240, 79) surface SurfaceSWE (240x152) id 5
  1TaskSurfaceE bounds (-1,978755, -1,378666)-(0,657355, 0,533799) source (-1,990214, 0,545090)-(0,659179, -1,381741) target (0, 0)-(209, 152) surface SurfaceSWE (240x152) id 5
  1TaskSurfaceE bounds (0,280176, -0,452214)-(1,042976, 0,231385) source (0,278883, 0,240854)-(1,052151, -0,456355) target (0, 0)-(61, 55) surface SurfaceSWE (61x55) id 41
#40 6 (48) 1TaskBlendSWE bounds (-2,387551, -3,324021)-(2,490889, 2,608696) source (-1,990214, 0,545090)-(1,052151, -1,381741) target (99, 213)-(339, 365) surface SurfaceSWE (512x512) id 1
  1TaskSurfaceE bounds (-2,387551, -3,324021)-(2,490889, 2,608696) source (-2,395862, 2,611363)-(2,497274, -3,245189) target (67, 50)-(453, 512) surface SurfaceSWE (512x512) id 1
  1TaskSurfaceE bounds (-1,978755, -1,378666)-(1,042976, 0,533799) source (-1,990214, 0,545090)-(1,052151, -1,381741) target (0, 0)-(240, 152) surface SurfaceSWE (240x152) id 5
#41 (42 43 44 45 46 47 48) 7TaskSurfaceCreateE source (-1,470476, 2,357833)-(0,443678, 0,240854) target (0, 0)-(151, 167) surface SurfaceSWE (151x167) id 67
#42 1 (43 44 45 46 47 48) 3TaskContourSWE bounds (-1,457655, 0,257121)-(0,421906, 2,337184) source (-1,457800, 2,345156)-(0,431002, 0,253530) target (1, 1)-(150, 166) surface SurfaceSWE (151x167) id 67
#43 2 (44 45 46 47 48) 3TaskContourSWE bounds (-1,468721, 0,246016)-(0,433014, 2,348276) source (-1,470476, 2,357833)-(0,443678, 0,240854) target (0, 0)-(151, 167) surface SurfaceSWE (151x167) id 67
#44 3 (47 48) 3TaskContourSWE bounds (-0,956597, 0,724918)-(-0,056564, 1,095246) source (-0,963415, 1,102857)-(-0,050706, 0,722562) target (40, 99)-(112, 129) surface SurfaceSWE (151x167) id 67
#45 3 (47 48) 3TaskContourSWE bounds (-1,150405, 1,545849)-(-0,793625, 1,703183) source (-1,153563, 1,711330)-(-0,785944, 1,533859) target (25, 51)-(54, 65) surface SurfaceSWE (151x167) id 67
#46 3 (47 48) 3TaskContourSWE bounds (-0,389903, 1,595503)-(0,003908, 1,746041) source (-0,392972, 1,749360)-(0,012677, 1,584565) target (85, 48)-(117, 61) surface SurfaceSWE (151x167) id 67
#47 6 (48) 3TaskContourSWE bounds (-0,915316, -0,221080)-(0,849222, 2,390031) source (-0,925386, 2,357833)-(0,443678, 0,240854) target (43, 0)-(151, 167) surface SurfaceSWE (151x167) id 67
#48 10 1TaskBlendSWE bounds (-1,468721, 0,246016)-(0,433014, 2,348276) source (-1,470476, 2,357833)-(0,443678, 0,240854) target (140, 70)-(291, 237) surface SurfaceSWE (512x512) id 1
  1TaskSurfaceE bounds (-2,387551, -3,324021)-(2,490889, 2,608696) source (-2,395862, 2,611363)-(2,497274, -3,245189) target (67, 50)-(453, 512) surface SurfaceSWE (512x512) id 1
  1TaskSurfaceE bounds (-1,468721, 0,246016)-(0,433014, 2,348276) source (-1,470476, 2,357833)-(0,443678, 0,240854) target (0, 0)-(151, 167) surface SurfaceSWE (151x167) id 67
-------------------------------------------
